<?xml version="1.0" ?>
<dir path="..\test-files">
  <file path="test-files\test-file.cs">
    <metadata/>
  </file>
</dir>
