<?xml version="1.0" ?>
<DIR path="G:\Programování\sipky\metadata-extractor">
  <FILE path="G:\Programování\sipky\metadata-extractor\test-files\test-odt.odt">
    <creator>Testovací autor</creator>
    <title>Testovací ODT soubor</title>
    <generator>ODFPY/1.4.1</generator>
    <METADATA/>
  </FILE>
</DIR>
