<?xml version="1.0" ?>
<dir path="..\test-files">
  <file path="test-files\test-odt.odt">
    <metadata>
      <set type="dc:title">Testovací ODT soubor</set>
      <set type="dc:creator">Testovací autor</set>
      <set type="dc:subject"/>
      <set type="dc:description"/>
      <set type="dc:publisher"/>
      <set type="dc:contributor"/>
      <set type="dc:date"/>
      <set type="dc:type">Text</set>
      <set type="dc:format">.odt</set>
      <set type="dc:identifier">test-odt.odt_1589</set>
      <set type="dc:source"/>
      <set type="dc:language"/>
      <set type="dc:relation"/>
      <set type="dc:coverage"/>
      <set type="dc:rights"/>
    </metadata>
  </file>
</dir>
