<?xml version="1.0" ?>
<DIR path="G:\Programování\sipky\metadata-extractor">
  <FILE path="G:\Programování\sipky\metadata-extractor\test-files\test-odt.odt">
    <METADATA>
      <title>Testovací ODT soubor</title>
      <creator>Testovací autor</creator>
      <subject/>
      <description/>
      <publisher/>
      <contributor/>
      <date/>
      <type/>
      <format>.odt</format>
      <identifier/>
      <source/>
      <language/>
      <relation/>
      <coverage/>
      <rights/>
    </METADATA>
  </FILE>
</DIR>
