<?xml version="1.0" ?>
<DIR path="G:\Programování\sipky\metadata-extractor">
  <FILE path="G:\Programování\sipky\metadata-extractor\test-files\test-rtf.rtf">
    <METADATA>
      <title>Ukázkový dokument</title>
      <creator>Jan Novák</creator>
      <subject/>
      <description>Toto je ukázkový RTF dokument s metadaty</description>
      <publisher/>
      <contributor/>
      <date>27.05.2025 14:30</date>
      <type/>
      <format>.rtf</format>
      <identifier/>
      <source/>
      <language/>
      <relation/>
      <coverage/>
      <rights/>
    </METADATA>
  </FILE>
</DIR>
