<?xml version="1.0" ?>
<DIR path="G:\Programování\sipky\metadata-extractor">
  <FILE path="G:\Programování\sipky\metadata-extractor\test-files\test-file.cs">
    <METADATA/>
  </FILE>
</DIR>
