<?xml version="1.0" ?>
<DIR path="G:\Programování\sipky\metadata-extractor">
  <FILE path="G:\Programování\sipky\metadata-extractor\test-files\test-txt.txt">
    <filesizeBytes>68</filesizeBytes>
    <lastChangeDate>27.05.2025 19:33:49</lastChangeDate>
    <lastMetadataChange>27.05.2025 19:33:49</lastMetadataChange>
    <birthDate>27.05.2025 19:33:49</birthDate>
    <METADATA/>
  </FILE>
</DIR>
